2019-07-24 15:30:00,580 [WARN] from play.db.DBModule in play-dev-mode-akka.actor.default-dispatcher-6 - Configuration not found for database: No configuration setting found for key 'db'
2019-07-24 15:30:01,575 [INFO] from play.api.http.EnabledFilters in play-dev-mode-akka.actor.default-dispatcher-6 - Enabled Filters (see <https://www.playframework.com/documentation/latest/Filters>):

    play.filters.csrf.CSRFFilter
    play.filters.headers.SecurityHeadersFilter
    play.filters.hosts.AllowedHostsFilter
    play.filters.csrf.CSRFFilter

2019-07-24 15:30:01,615 [INFO] from play.api.Play in play-dev-mode-akka.actor.default-dispatcher-6 - Application started (Dev) (no global state)
2019-07-24 15:38:53,960 [WARN] from play.db.DBModule in play-dev-mode-akka.actor.default-dispatcher-10 - Configuration not found for database: No configuration setting found for key 'db'
2019-07-24 15:38:54,057 [INFO] from play.api.http.EnabledFilters in play-dev-mode-akka.actor.default-dispatcher-10 - Enabled Filters (see <https://www.playframework.com/documentation/latest/Filters>):

    play.filters.csrf.CSRFFilter
    play.filters.headers.SecurityHeadersFilter
    play.filters.hosts.AllowedHostsFilter
    play.filters.csrf.CSRFFilter

2019-07-24 15:38:54,063 [INFO] from play.api.Play in play-dev-mode-akka.actor.default-dispatcher-10 - Application started (Dev) (no global state)
2019-07-24 15:41:38,725 [WARN] from play.db.DBModule in play-dev-mode-akka.actor.default-dispatcher-24 - Configuration not found for database: No configuration setting found for key 'db'
2019-07-24 15:41:38,808 [INFO] from play.api.http.EnabledFilters in play-dev-mode-akka.actor.default-dispatcher-24 - Enabled Filters (see <https://www.playframework.com/documentation/latest/Filters>):

    play.filters.csrf.CSRFFilter
    play.filters.headers.SecurityHeadersFilter
    play.filters.hosts.AllowedHostsFilter
    play.filters.csrf.CSRFFilter

2019-07-24 15:41:38,813 [INFO] from play.api.Play in play-dev-mode-akka.actor.default-dispatcher-24 - Application started (Dev) (no global state)
2019-07-24 15:45:08,908 [WARN] from play.db.DBModule in play-dev-mode-akka.actor.default-dispatcher-41 - Configuration not found for database: No configuration setting found for key 'db'
2019-07-24 15:45:08,993 [INFO] from play.api.http.EnabledFilters in play-dev-mode-akka.actor.default-dispatcher-41 - Enabled Filters (see <https://www.playframework.com/documentation/latest/Filters>):

    play.filters.csrf.CSRFFilter
    play.filters.headers.SecurityHeadersFilter
    play.filters.hosts.AllowedHostsFilter
    play.filters.csrf.CSRFFilter

2019-07-24 15:45:08,998 [INFO] from play.api.Play in play-dev-mode-akka.actor.default-dispatcher-41 - Application started (Dev) (no global state)
2019-07-24 15:47:21,906 [ERROR] from application in play-dev-mode-akka.actor.default-dispatcher-45 - 

! @7cikekab4 - Internal server error, for (GET) [/dashboard?d.califano21@studenti.unisa.it] ->
 
play.sbt.PlayExceptions$CompilationException: Compilation error[not enough arguments for method apply: (user: models.dto.UserDto)play.twirl.api.HtmlFormat.Appendable in object _dropdownnotifications.
Unspecified value parameter user.]
	at play.sbt.PlayExceptions$CompilationException$.apply(PlayExceptions.scala:37)
	at play.sbt.PlayExceptions$CompilationException$.apply(PlayExceptions.scala:37)
	at scala.Option.map(Option.scala:146)
	at play.sbt.run.PlayReload$.$anonfun$taskFailureHandler$1(PlayReload.scala:41)
	at scala.Option.map(Option.scala:146)
	at play.sbt.run.PlayReload$.taskFailureHandler(PlayReload.scala:36)
	at play.sbt.run.PlayReload$.compileFailure(PlayReload.scala:29)
	at play.sbt.run.PlayReload$.$anonfun$compile$3(PlayReload.scala:64)
	at scala.util.Either$LeftProjection.map(Either.scala:569)
	at play.sbt.run.PlayReload$.compile(PlayReload.scala:64)
	at play.sbt.run.PlayRun$.$anonfun$playRunTask$4(PlayRun.scala:80)
	at play.runsupport.Reloader.$anonfun$reload$1(Reloader.scala:501)
	at play.runsupport.Reloader$$anon$1.run(Reloader.scala:58)
	at java.base/java.security.AccessController.doPrivileged(Native Method)
	at play.runsupport.Reloader$.play$runsupport$Reloader$$withReloaderContextClassLoader(Reloader.scala:64)
	at play.runsupport.Reloader.reload(Reloader.scala:501)
	at play.core.server.DevServerStart$$anon$1.get(DevServerStart.scala:143)
	at play.core.server.AkkaHttpServer.handleRequest(AkkaHttpServer.scala:304)
	at play.core.server.AkkaHttpServer.$anonfun$createServerBinding$1(AkkaHttpServer.scala:189)
	at akka.stream.impl.fusing.MapAsync$$anon$30.onPush(Ops.scala:1262)
	at akka.stream.impl.fusing.GraphInterpreter.processPush(GraphInterpreter.scala:523)
	at akka.stream.impl.fusing.GraphInterpreter.execute(GraphInterpreter.scala:409)
	at akka.stream.impl.fusing.GraphInterpreterShell.runBatch(ActorGraphInterpreter.scala:599)
	at akka.stream.impl.fusing.GraphInterpreterShell$AsyncInput.execute(ActorGraphInterpreter.scala:480)
	at akka.stream.impl.fusing.GraphInterpreterShell.processEvent(ActorGraphInterpreter.scala:574)
	at akka.stream.impl.fusing.ActorGraphInterpreter.akka$stream$impl$fusing$ActorGraphInterpreter$$processEvent(ActorGraphInterpreter.scala:742)
	at akka.stream.impl.fusing.ActorGraphInterpreter$$anonfun$receive$1.applyOrElse(ActorGraphInterpreter.scala:757)
	at akka.actor.Actor.aroundReceive(Actor.scala:539)
	at akka.actor.Actor.aroundReceive$(Actor.scala:537)
	at akka.stream.impl.fusing.ActorGraphInterpreter.aroundReceive(ActorGraphInterpreter.scala:664)
	at akka.actor.ActorCell.receiveMessage(ActorCell.scala:610)
	at akka.actor.ActorCell.invoke(ActorCell.scala:579)
	at akka.dispatch.Mailbox.processMailbox(Mailbox.scala:268)
	at akka.dispatch.Mailbox.run(Mailbox.scala:229)
	at akka.dispatch.Mailbox.exec(Mailbox.scala:241)
	at akka.dispatch.forkjoin.ForkJoinTask.doExec(ForkJoinTask.java:260)
	at akka.dispatch.forkjoin.ForkJoinPool$WorkQueue.runTask(ForkJoinPool.java:1339)
	at akka.dispatch.forkjoin.ForkJoinPool.runWorker(ForkJoinPool.java:1979)
	at akka.dispatch.forkjoin.ForkJoinWorkerThread.run(ForkJoinWorkerThread.java:107)
2019-07-24 15:47:47,915 [ERROR] from application in play-dev-mode-akka.actor.default-dispatcher-43 - 

! @7cikelmp1 - Internal server error, for (GET) [/dashboard?d.califano21@studenti.unisa.it] ->
 
play.sbt.PlayExceptions$CompilationException: Compilation error[not enough arguments for method apply: (user: models.dto.UserDto)play.twirl.api.HtmlFormat.Appendable in object _topbarnotifications.
Unspecified value parameter user.]
	at play.sbt.PlayExceptions$CompilationException$.apply(PlayExceptions.scala:37)
	at play.sbt.PlayExceptions$CompilationException$.apply(PlayExceptions.scala:37)
	at scala.Option.map(Option.scala:146)
	at play.sbt.run.PlayReload$.$anonfun$taskFailureHandler$1(PlayReload.scala:41)
	at scala.Option.map(Option.scala:146)
	at play.sbt.run.PlayReload$.taskFailureHandler(PlayReload.scala:36)
	at play.sbt.run.PlayReload$.compileFailure(PlayReload.scala:29)
	at play.sbt.run.PlayReload$.$anonfun$compile$3(PlayReload.scala:64)
	at scala.util.Either$LeftProjection.map(Either.scala:569)
	at play.sbt.run.PlayReload$.compile(PlayReload.scala:64)
	at play.sbt.run.PlayRun$.$anonfun$playRunTask$4(PlayRun.scala:80)
	at play.runsupport.Reloader.$anonfun$reload$1(Reloader.scala:501)
	at play.runsupport.Reloader$$anon$1.run(Reloader.scala:58)
	at java.base/java.security.AccessController.doPrivileged(Native Method)
	at play.runsupport.Reloader$.play$runsupport$Reloader$$withReloaderContextClassLoader(Reloader.scala:64)
	at play.runsupport.Reloader.reload(Reloader.scala:501)
	at play.core.server.DevServerStart$$anon$1.get(DevServerStart.scala:143)
	at play.core.server.AkkaHttpServer.handleRequest(AkkaHttpServer.scala:304)
	at play.core.server.AkkaHttpServer.$anonfun$createServerBinding$1(AkkaHttpServer.scala:189)
	at akka.stream.impl.fusing.MapAsync$$anon$30.onPush(Ops.scala:1262)
	at akka.stream.impl.fusing.GraphInterpreter.processPush(GraphInterpreter.scala:523)
	at akka.stream.impl.fusing.GraphInterpreter.execute(GraphInterpreter.scala:409)
	at akka.stream.impl.fusing.GraphInterpreterShell.runBatch(ActorGraphInterpreter.scala:599)
	at akka.stream.impl.fusing.GraphInterpreterShell$AsyncInput.execute(ActorGraphInterpreter.scala:480)
	at akka.stream.impl.fusing.GraphInterpreterShell.processEvent(ActorGraphInterpreter.scala:574)
	at akka.stream.impl.fusing.ActorGraphInterpreter.akka$stream$impl$fusing$ActorGraphInterpreter$$processEvent(ActorGraphInterpreter.scala:742)
	at akka.stream.impl.fusing.ActorGraphInterpreter$$anonfun$receive$1.applyOrElse(ActorGraphInterpreter.scala:757)
	at akka.actor.Actor.aroundReceive(Actor.scala:539)
	at akka.actor.Actor.aroundReceive$(Actor.scala:537)
	at akka.stream.impl.fusing.ActorGraphInterpreter.aroundReceive(ActorGraphInterpreter.scala:664)
	at akka.actor.ActorCell.receiveMessage(ActorCell.scala:610)
	at akka.actor.ActorCell.invoke(ActorCell.scala:579)
	at akka.dispatch.Mailbox.processMailbox(Mailbox.scala:268)
	at akka.dispatch.Mailbox.run(Mailbox.scala:229)
	at akka.dispatch.Mailbox.exec(Mailbox.scala:241)
	at akka.dispatch.forkjoin.ForkJoinTask.doExec(ForkJoinTask.java:260)
	at akka.dispatch.forkjoin.ForkJoinPool$WorkQueue.runTask(ForkJoinPool.java:1339)
	at akka.dispatch.forkjoin.ForkJoinPool.runWorker(ForkJoinPool.java:1979)
	at akka.dispatch.forkjoin.ForkJoinWorkerThread.run(ForkJoinWorkerThread.java:107)
2019-07-24 15:48:01,798 [WARN] from play.db.DBModule in play-dev-mode-akka.actor.default-dispatcher-43 - Configuration not found for database: No configuration setting found for key 'db'
2019-07-24 15:48:01,877 [INFO] from play.api.http.EnabledFilters in play-dev-mode-akka.actor.default-dispatcher-43 - Enabled Filters (see <https://www.playframework.com/documentation/latest/Filters>):

    play.filters.csrf.CSRFFilter
    play.filters.headers.SecurityHeadersFilter
    play.filters.hosts.AllowedHostsFilter
    play.filters.csrf.CSRFFilter

2019-07-24 15:48:01,883 [INFO] from play.api.Play in play-dev-mode-akka.actor.default-dispatcher-43 - Application started (Dev) (no global state)
2019-07-24 15:48:28,286 [WARN] from play.db.DBModule in play-dev-mode-akka.actor.default-dispatcher-52 - Configuration not found for database: No configuration setting found for key 'db'
2019-07-24 15:48:28,369 [INFO] from play.api.http.EnabledFilters in play-dev-mode-akka.actor.default-dispatcher-52 - Enabled Filters (see <https://www.playframework.com/documentation/latest/Filters>):

    play.filters.csrf.CSRFFilter
    play.filters.headers.SecurityHeadersFilter
    play.filters.hosts.AllowedHostsFilter
    play.filters.csrf.CSRFFilter

2019-07-24 15:48:28,374 [INFO] from play.api.Play in play-dev-mode-akka.actor.default-dispatcher-52 - Application started (Dev) (no global state)
2019-07-24 15:49:11,350 [WARN] from play.db.DBModule in play-dev-mode-akka.actor.default-dispatcher-52 - Configuration not found for database: No configuration setting found for key 'db'
2019-07-24 15:49:11,418 [INFO] from play.api.http.EnabledFilters in play-dev-mode-akka.actor.default-dispatcher-52 - Enabled Filters (see <https://www.playframework.com/documentation/latest/Filters>):

    play.filters.csrf.CSRFFilter
    play.filters.headers.SecurityHeadersFilter
    play.filters.hosts.AllowedHostsFilter
    play.filters.csrf.CSRFFilter

2019-07-24 15:49:11,422 [INFO] from play.api.Play in play-dev-mode-akka.actor.default-dispatcher-52 - Application started (Dev) (no global state)
